Menu
1. Insert item at back of queue.
2. Remove item from front of queue.
3. Display front item of queue.
4. Clear queue.
5. Display content of queue.
6. Exit program.
Make your selection
2
The Array is already empty
Menu
1. Insert item at back of queue.
2. Remove item from front of queue.
3. Display front item of queue.
4. Clear queue.
5. Display content of queue.
6. Exit program.
Make your new Menu Selection
3
The Array is already empty
Menu
1. Insert item at back of queue.
2. Remove item from front of queue.
3. Display front item of queue.
4. Clear queue.
5. Display content of queue.
6. Exit program.
Make your new Menu Selection
4
The Array is already empty
Menu
1. Insert item at back of queue.
2. Remove item from front of queue.
3. Display front item of queue.
4. Clear queue.
5. Display content of queue.
6. Exit program.
Make your new Menu Selection
5
The Array is already empty
Menu
1. Insert item at back of queue.
2. Remove item from front of queue.
3. Display front item of queue.
4. Clear queue.
5. Display content of queue.
6. Exit program.
Make your new Menu Selection
1
You are adding an item to the queue
Enter item: 
A
Menu
1. Insert item at back of queue.
2. Remove item from front of queue.
3. Display front item of queue.
4. Clear queue.
5. Display content of queue.
6. Exit program.
Make your new Menu Selection
3
A
Menu
1. Insert item at back of queue.
2. Remove item from front of queue.
3. Display front item of queue.
4. Clear queue.
5. Display content of queue.
6. Exit program.
Make your new Menu Selection
1
You are adding an item to the queue
Enter item: 
B
Menu
1. Insert item at back of queue.
2. Remove item from front of queue.
3. Display front item of queue.
4. Clear queue.
5. Display content of queue.
6. Exit program.
Make your new Menu Selection
1
You are adding an item to the queue
Enter item: 
C
Menu
1. Insert item at back of queue.
2. Remove item from front of queue.
3. Display front item of queue.
4. Clear queue.
5. Display content of queue.
6. Exit program.
Make your new Menu Selection
5
A B C 
Menu
1. Insert item at back of queue.
2. Remove item from front of queue.
3. Display front item of queue.
4. Clear queue.
5. Display content of queue.
6. Exit program.
Make your new Menu Selection
2
A
Menu
1. Insert item at back of queue.
2. Remove item from front of queue.
3. Display front item of queue.
4. Clear queue.
5. Display content of queue.
6. Exit program.
Make your new Menu Selection
5
B C 
Menu
1. Insert item at back of queue.
2. Remove item from front of queue.
3. Display front item of queue.
4. Clear queue.
5. Display content of queue.
6. Exit program.
Make your new Menu Selection
4
queue is cleared
Menu
1. Insert item at back of queue.
2. Remove item from front of queue.
3. Display front item of queue.
4. Clear queue.
5. Display content of queue.
6. Exit program.
Make your new Menu Selection
5
The Array is already empty
Menu
1. Insert item at back of queue.
2. Remove item from front of queue.
3. Display front item of queue.
4. Clear queue.
5. Display content of queue.
6. Exit program.
Make your new Menu Selection
6
Program ended, Good Bye!!!
